<?xml version="1.0" encoding="UTF-8"?>
<!-- Generated by org.testng.reporters.JUnitReportReporter -->
<testsuite skipped="0" hostname="ip-172-31-81-201" name="tests.SignupPagetest" tests="1" failures="0" timestamp="17 Dec 2021 05:01:28 GMT" time="1.860" errors="0">
  <testcase name="signupTest" time="1.860" classname="tests.SignupPagetest"/>
</testsuite> <!-- tests.SignupPagetest -->
