<?xml version="1.0" encoding="UTF-8"?>
<!-- Generated by org.testng.reporters.JUnitReportReporter -->
<testsuite skipped="0" hostname="ip-172-31-81-201" name="restapi.GetUsers" tests="1" failures="0" timestamp="13 Dec 2021 06:54:37 GMT" time="1.546" errors="0">
  <testcase name="GetUList" time="1.546" classname="restapi.GetUsers"/>
</testsuite> <!-- restapi.GetUsers -->
