<?xml version="1.0" encoding="UTF-8"?>
<!-- Generated by org.testng.reporters.JUnitReportReporter -->
<testsuite skipped="0" hostname="ip-172-31-81-201" name="tests.LoginPageTest" tests="2" failures="0" timestamp="17 Dec 2021 05:01:28 GMT" time="2.508" errors="0">
  <testcase name="PositiveLoginTest" time="1.312" classname="tests.LoginPageTest"/>
  <testcase name="NegetiveLoginTest" time="1.196" classname="tests.LoginPageTest"/>
</testsuite> <!-- tests.LoginPageTest -->
