<?xml version="1.0" encoding="UTF-8"?>
<!-- Generated by org.testng.reporters.JUnitReportReporter -->
<testsuite skipped="0" hostname="ip-172-31-81-201" name="restapi.GetUsers$GetRequest" tests="1" failures="0" timestamp="13 Dec 2021 06:11:41 GMT" time="1.198" errors="0">
  <testcase name="GetUList" time="1.198" classname="restapi.GetUsers$GetRequest"/>
</testsuite> <!-- restapi.GetUsers$GetRequest -->
