<?xml version="1.0" encoding="UTF-8"?>
<!-- Generated by org.testng.reporters.JUnitReportReporter -->
<testsuite skipped="0" hostname="ip-172-31-81-201" name="tests.LoginPageTest" tests="1" failures="0" timestamp="12 Dec 2021 15:41:45 GMT" time="1.233" errors="0">
  <testcase name="LoginTest" time="1.233" classname="tests.LoginPageTest"/>
</testsuite> <!-- tests.LoginPageTest -->
